<?xml version="1.0" encoding="UTF-8"?>
<!-- Generated by org.testng.reporters.JUnitXMLReporter -->
<testsuite ignored="0" hostname="Brijesh" failures="0" tests="3" name="Default test(failed)" time="12.764" errors="0" timestamp="01 Aug. 2023 13:44:16 GMT">
  <testcase classname="com.crm.qa.testcases.HomePageTest" name="@BeforeMethod setUp" time="12.711">
    <failure type="java.lang.StackOverflowError">
      <![CDATA[java.lang.StackOverflowError
	at java.base/sun.nio.cs.UTF_8$Encoder.encodeArrayLoop(UTF_8.java:456)
	at java.base/sun.nio.cs.UTF_8$Encoder.encodeLoop(UTF_8.java:564)
	at java.base/java.nio.charset.CharsetEncoder.encode(CharsetEncoder.java:585)
	at java.base/sun.nio.cs.StreamEncoder.implWrite(StreamEncoder.java:293)
	at java.base/sun.nio.cs.StreamEncoder.implWrite(StreamEncoder.java:282)
	at java.base/sun.nio.cs.StreamEncoder.write(StreamEncoder.java:132)
	at java.base/java.io.OutputStreamWriter.write(OutputStreamWriter.java:205)
	at java.base/java.io.BufferedWriter.flushBuffer(BufferedWriter.java:120)
	at java.base/java.io.PrintStream.writeln(PrintStream.java:722)
	at java.base/java.io.PrintStream.println(PrintStream.java:1028)
	at com.crm.qa.util.WebEventListener.onException(WebEventListener.java:66)
	at org.openqa.selenium.support.events.EventFiringWebDriver.lambda$new$0(EventFiringWebDriver.java:84)
	at jdk.proxy2/jdk.proxy2.$Proxy9.onException(Unknown Source)
	at org.openqa.selenium.support.events.EventFiringWebDriver.lambda$new$1(EventFiringWebDriver.java:107)
	at jdk.proxy2/jdk.proxy2.$Proxy10.getScreenshotAs(Unknown Source)
	at org.openqa.selenium.support.events.EventFiringWebDriver.getScreenshotAs(EventFiringWebDriver.java:302)
	at com.crm.qa.util.TestUtil.takeScreenshotAtEndOfTest(TestUtil.java:63)
	at com.crm.qa.util.WebEventListener.onException(WebEventListener.java:68)
	at org.openqa.selenium.support.events.EventFiringWebDriver.lambda$new$0(EventFiringWebDriver.java:84)
	at jdk.proxy2/jdk.proxy2.$Proxy9.onException(Unknown Source)
	at org.openqa.selenium.support.events.EventFiringWebDriver.lambda$new$1(EventFiringWebDriver.java:107)
	at jdk.proxy2/jdk.proxy2.$Proxy10.getScreenshotAs(Unknown Source)
	at org.openqa.selenium.support.events.EventFiringWebDriver.getScreenshotAs(EventFiringWebDriver.java:302)
	at com.crm.qa.util.TestUtil.takeScreenshotAtEndOfTest(TestUtil.java:63)
	at com.crm.qa.util.WebEventListener.onException(WebEventListener.java:68)
	at org.openqa.selenium.support.events.EventFiringWebDriver.lambda$new$0(EventFiringWebDriver.java:84)
	at jdk.proxy2/jdk.proxy2.$Proxy9.onException(Unknown Source)
	at org.openqa.selenium.support.events.EventFiringWebDriver.lambda$new$1(EventFiringWebDriver.java:107)
	at jdk.proxy2/jdk.proxy2.$Proxy10.getScreenshotAs(Unknown Source)
	at org.openqa.selenium.support.events.EventFiringWebDriver.getScreenshotAs(EventFiringWebDriver.java:302)
	at com.crm.qa.util.TestUtil.takeScreenshotAtEndOfTest(TestUtil.java:63)
	at com.crm.qa.util.WebEventListener.onException(WebEventListener.java:68)
	at org.openqa.selenium.support.events.EventFiringWebDriver.lambda$new$0(EventFiringWebDriver.java:84)
	at jdk.proxy2/jdk.proxy2.$Proxy9.onException(Unknown Source)
	at org.openqa.selenium.support.events.EventFiringWebDriver.lambda$new$1(EventFiringWebDriver.java:107)
	at jdk.proxy2/jdk.proxy2.$Proxy10.getScreenshotAs(Unknown Source)
	at org.openqa.selenium.support.events.EventFiringWebDriver.getScreenshotAs(EventFiringWebDriver.java:302)
	at com.crm.qa.util.TestUtil.takeScreenshotAtEndOfTest(TestUtil.java:63)
	at com.crm.qa.util.WebEventListener.onException(WebEventListener.java:68)
	at org.openqa.selenium.support.events.EventFiringWebDriver.lambda$new$0(EventFiringWebDriver.java:84)
	at jdk.proxy2/jdk.proxy2.$Proxy9.onException(Unknown Source)
	at org.openqa.selenium.support.events.EventFiringWebDriver.lambda$new$1(EventFiringWebDriver.java:107)
	at jdk.proxy2/jdk.proxy2.$Proxy10.getScreenshotAs(Unknown Source)
	at org.openqa.selenium.support.events.EventFiringWebDriver.getScreenshotAs(EventFiringWebDriver.java:302)
	at com.crm.qa.util.TestUtil.takeScreenshotAtEndOfTest(TestUtil.java:63)
	at com.crm.qa.util.WebEventListener.onException(WebEventListener.java:68)
	at org.openqa.selenium.support.events.EventFiringWebDriver.lambda$new$0(EventFiringWebDriver.java:84)
	at jdk.proxy2/jdk.proxy2.$Proxy9.onException(Unknown Source)
	at org.openqa.selenium.support.events.EventFiringWebDriver.lambda$new$1(EventFiringWebDriver.java:107)
	at jdk.proxy2/jdk.proxy2.$Proxy10.getScreenshotAs(Unknown Source)
	at org.openqa.selenium.support.events.EventFiringWebDriver.getScreenshotAs(EventFiringWebDriver.java:302)
	at com.crm.qa.util.TestUtil.takeScreenshotAtEndOfTest(TestUtil.java:63)
	at com.crm.qa.util.WebEventListener.onException(WebEventListener.java:68)
	at org.openqa.selenium.support.events.EventFiringWebDriver.lambda$new$0(EventFiringWebDriver.java:84)
	at jdk.proxy2/jdk.proxy2.$Proxy9.onException(Unknown Source)
	at org.openqa.selenium.support.events.EventFiringWebDriver.lambda$new$1(EventFiringWebDriver.java:107)
	at jdk.proxy2/jdk.proxy2.$Proxy10.getScreenshotAs(Unknown Source)
	at org.openqa.selenium.support.events.EventFiringWebDriver.getScreenshotAs(EventFiringWebDriver.java:302)
	at com.crm.qa.util.TestUtil.takeScreenshotAtEndOfTest(TestUtil.java:63)
	at com.crm.qa.util.WebEventListener.onException(WebEventListener.java:68)
	at org.openqa.selenium.support.events.EventFiringWebDriver.lambda$new$0(EventFiringWebDriver.java:84)
	at jdk.proxy2/jdk.proxy2.$Proxy9.onException(Unknown Source)
	at org.openqa.selenium.support.events.EventFiringWebDriver.lambda$new$1(EventFiringWebDriver.java:107)
	at jdk.proxy2/jdk.proxy2.$Proxy10.getScreenshotAs(Unknown Source)
	at org.openqa.selenium.support.events.EventFiringWebDriver.getScreenshotAs(EventFiringWebDriver.java:302)
	at com.crm.qa.util.TestUtil.takeScreenshotAtEndOfTest(TestUtil.java:63)
	at com.crm.qa.util.WebEventListener.onException(WebEventListener.java:68)
	at org.openqa.selenium.support.events.EventFiringWebDriver.lambda$new$0(EventFiringWebDriver.java:84)
	at jdk.proxy2/jdk.proxy2.$Proxy9.onException(Unknown Source)
	at org.openqa.selenium.support.events.EventFiringWebDriver.lambda$new$1(EventFiringWebDriver.java:107)
	at jdk.proxy2/jdk.proxy2.$Proxy10.getScreenshotAs(Unknown Source)
	at org.openqa.selenium.support.events.EventFiringWebDriver.getScreenshotAs(EventFiringWebDriver.java:302)
	at com.crm.qa.util.TestUtil.takeScreenshotAtEndOfTest(TestUtil.java:63)
	at com.crm.qa.util.WebEventListener.onException(WebEventListener.java:68)
	at org.openqa.selenium.support.events.EventFiringWebDriver.lambda$new$0(EventFiringWebDriver.java:84)
	at jdk.proxy2/jdk.proxy2.$Proxy9.onException(Unknown Source)
	at org.openqa.selenium.support.events.EventFiringWebDriver.lambda$new$1(EventFiringWebDriver.java:107)
	at jdk.proxy2/jdk.proxy2.$Proxy10.getScreenshotAs(Unknown Source)
	at org.openqa.selenium.support.events.EventFiringWebDriver.getScreenshotAs(EventFiringWebDriver.java:302)
	at com.crm.qa.util.TestUtil.takeScreenshotAtEndOfTest(TestUtil.java:63)
	at com.crm.qa.util.WebEventListener.onException(WebEventListener.java:68)
	at org.openqa.selenium.support.events.EventFiringWebDriver.lambda$new$0(EventFiringWebDriver.java:84)
	at jdk.proxy2/jdk.proxy2.$Proxy9.onException(Unknown Source)
	at org.openqa.selenium.support.events.EventFiringWebDriver.lambda$new$1(EventFiringWebDriver.java:107)
	at jdk.proxy2/jdk.proxy2.$Proxy10.getScreenshotAs(Unknown Source)
	at org.openqa.selenium.support.events.EventFiringWebDriver.getScreenshotAs(EventFiringWebDriver.java:302)
	at com.crm.qa.util.TestUtil.takeScreenshotAtEndOfTest(TestUtil.java:63)
	at com.crm.qa.util.WebEventListener.onException(WebEventListener.java:68)
	at org.openqa.selenium.support.events.EventFiringWebDriver.lambda$new$0(EventFiringWebDriver.java:84)
	at jdk.proxy2/jdk.proxy2.$Proxy9.onException(Unknown Source)
	at org.openqa.selenium.support.events.EventFiringWebDriver.lambda$new$1(EventFiringWebDriver.java:107)
	at jdk.proxy2/jdk.proxy2.$Proxy10.getScreenshotAs(Unknown Source)
	at org.openqa.selenium.support.events.EventFiringWebDriver.getScreenshotAs(EventFiringWebDriver.java:302)
	at com.crm.qa.util.TestUtil.takeScreenshotAtEndOfTest(TestUtil.java:63)
	at com.crm.qa.util.WebEventListener.onException(WebEventListener.java:68)
	at org.openqa.selenium.support.events.EventFiringWebDriver.lambda$new$0(EventFiringWebDriver.java:84)
	at jdk.proxy2/jdk.proxy2.$Proxy9.onException(Unknown Source)
	at org.openqa.selenium.support.events.EventFiringWebDriver.lambda$new$1(EventFiringWebDriver.java:107)
	at jdk.proxy2/jdk.proxy2.$Proxy10.getScreenshotAs(Unknown Source)
	at org.openqa.selenium.support.events.EventFiringWebDriver.getScreenshotAs(EventFiringWebDriver.java:302)
	at com.crm.qa.util.TestUtil.takeScreenshotAtEndOfTest(TestUtil.java:63)
	at com.crm.qa.util.WebEventListener.onException(WebEventListener.java:68)
	at org.openqa.selenium.support.events.EventFiringWebDriver.lambda$new$0(EventFiringWebDriver.java:84)
	at jdk.proxy2/jdk.proxy2.$Proxy9.onException(Unknown Source)
	at org.openqa.selenium.support.events.EventFiringWebDriver.lambda$new$1(EventFiringWebDriver.java:107)
	at jdk.proxy2/jdk.proxy2.$Proxy10.getScreenshotAs(Unknown Source)
	at org.openqa.selenium.support.events.EventFiringWebDriver.getScreenshotAs(EventFiringWebDriver.java:302)
	at com.crm.qa.util.TestUtil.takeScreenshotAtEndOfTest(TestUtil.java:63)
	at com.crm.qa.util.WebEventListener.onException(WebEventListener.java:68)
	at org.openqa.selenium.support.events.EventFiringWebDriver.lambda$new$0(EventFiringWebDriver.java:84)
	at jdk.proxy2/jdk.proxy2.$Proxy9.onException(Unknown Source)
	at org.openqa.selenium.support.events.EventFiringWebDriver.lambda$new$1(EventFiringWebDriver.java:107)
	at jdk.proxy2/jdk.proxy2.$Proxy10.getScreenshotAs(Unknown Source)
	at org.openqa.selenium.support.events.EventFiringWebDriver.getScreenshotAs(EventFiringWebDriver.java:302)
	at com.crm.qa.util.TestUtil.takeScreenshotAtEndOfTest(TestUtil.java:63)
	at com.crm.qa.util.WebEventListener.onException(WebEventListener.java:68)
	at org.openqa.selenium.support.events.EventFiringWebDriver.lambda$new$0(EventFiringWebDriver.java:84)
	at jdk.proxy2/jdk.proxy2.$Proxy9.onException(Unknown Source)
	at org.openqa.selenium.support.events.EventFiringWebDriver.lambda$new$1(EventFiringWebDriver.java:107)
	at jdk.proxy2/jdk.proxy2.$Proxy10.getScreenshotAs(Unknown Source)
	at org.openqa.selenium.support.events.EventFiringWebDriver.getScreenshotAs(EventFiringWebDriver.java:302)
	at com.crm.qa.util.TestUtil.takeScreenshotAtEndOfTest(TestUtil.java:63)
	at com.crm.qa.util.WebEventListener.onException(WebEventListener.java:68)
	at org.openqa.selenium.support.events.EventFiringWebDriver.lambda$new$0(EventFiringWebDriver.java:84)
	at jdk.proxy2/jdk.proxy2.$Proxy9.onException(Unknown Source)
	at org.openqa.selenium.support.events.EventFiringWebDriver.lambda$new$1(EventFiringWebDriver.java:107)
	at jdk.proxy2/jdk.proxy2.$Proxy10.getScreenshotAs(Unknown Source)
	at org.openqa.selenium.support.events.EventFiringWebDriver.getScreenshotAs(EventFiringWebDriver.java:302)
	at com.crm.qa.util.TestUtil.takeScreenshotAtEndOfTest(TestUtil.java:63)
	at com.crm.qa.util.WebEventListener.onException(WebEventListener.java:68)
	at org.openqa.selenium.support.events.EventFiringWebDriver.lambda$new$0(EventFiringWebDriver.java:84)
	at jdk.proxy2/jdk.proxy2.$Proxy9.onException(Unknown Source)
	at org.openqa.selenium.support.events.EventFiringWebDriver.lambda$new$1(EventFiringWebDriver.java:107)
	at jdk.proxy2/jdk.proxy2.$Proxy10.getScreenshotAs(Unknown Source)
	at org.openqa.selenium.support.events.EventFiringWebDriver.getScreenshotAs(EventFiringWebDriver.java:302)
	at com.crm.qa.util.TestUtil.takeScreenshotAtEndOfTest(TestUtil.java:63)
	at com.crm.qa.util.WebEventListener.onException(WebEventListener.java:68)
	at org.openqa.selenium.support.events.EventFiringWebDriver.lambda$new$0(EventFiringWebDriver.java:84)
	at jdk.proxy2/jdk.proxy2.$Proxy9.onException(Unknown Source)
	at org.openqa.selenium.support.events.EventFiringWebDriver.lambda$new$1(EventFiringWebDriver.java:107)
	at jdk.proxy2/jdk.proxy2.$Proxy10.getScreenshotAs(Unknown Source)
	at org.openqa.selenium.support.events.EventFiringWebDriver.getScreenshotAs(EventFiringWebDriver.java:302)
	at com.crm.qa.util.TestUtil.takeScreenshotAtEndOfTest(TestUtil.java:63)
	at com.crm.qa.util.WebEventListener.onException(WebEventListener.java:68)
	at org.openqa.selenium.support.events.EventFiringWebDriver.lambda$new$0(EventFiringWebDriver.java:84)
	at jdk.proxy2/jdk.proxy2.$Proxy9.onException(Unknown Source)
	at org.openqa.selenium.support.events.EventFiringWebDriver.lambda$new$1(EventFiringWebDriver.java:107)
	at jdk.proxy2/jdk.proxy2.$Proxy10.getScreenshotAs(Unknown Source)
	at org.openqa.selenium.support.events.EventFiringWebDriver.getScreenshotAs(EventFiringWebDriver.java:302)
	at com.crm.qa.util.TestUtil.takeScreenshotAtEndOfTest(TestUtil.java:63)
	at com.crm.qa.util.WebEventListener.onException(WebEventListener.java:68)
	at org.openqa.selenium.support.events.EventFiringWebDriver.lambda$new$0(EventFiringWebDriver.java:84)
	at jdk.proxy2/jdk.proxy2.$Proxy9.onException(Unknown Source)
	at org.openqa.selenium.support.events.EventFiringWebDriver.lambda$new$1(EventFiringWebDriver.java:107)
	at jdk.proxy2/jdk.proxy2.$Proxy10.getScreenshotAs(Unknown Source)
	at org.openqa.selenium.support.events.EventFiringWebDriver.getScreenshotAs(EventFiringWebDriver.java:302)
	at com.crm.qa.util.TestUtil.takeScreenshotAtEndOfTest(TestUtil.java:63)
	at com.crm.qa.util.WebEventListener.onException(WebEventListener.java:68)
	at org.openqa.selenium.support.events.EventFiringWebDriver.lambda$new$0(EventFiringWebDriver.java:84)
	at jdk.proxy2/jdk.proxy2.$Proxy9.onException(Unknown Source)
	at org.openqa.selenium.support.events.EventFiringWebDriver.lambda$new$1(EventFiringWebDriver.java:107)
	at jdk.proxy2/jdk.proxy2.$Proxy10.getScreenshotAs(Unknown Source)
	at org.openqa.selenium.support.events.EventFiringWebDriver.getScreenshotAs(EventFiringWebDriver.java:302)
	at com.crm.qa.util.TestUtil.takeScreenshotAtEndOfTest(TestUtil.java:63)
	at com.crm.qa.util.WebEventListener.onException(WebEventListener.java:68)
	at org.openqa.selenium.support.events.EventFiringWebDriver.lambda$new$0(EventFiringWebDriver.java:84)
	at jdk.proxy2/jdk.proxy2.$Proxy9.onException(Unknown Source)
	at org.openqa.selenium.support.events.EventFiringWebDriver.lambda$new$1(EventFiringWebDriver.java:107)
	at jdk.proxy2/jdk.proxy2.$Proxy10.getScreenshotAs(Unknown Source)
	at org.openqa.selenium.support.events.EventFiringWebDriver.getScreenshotAs(EventFiringWebDriver.java:302)
	at com.crm.qa.util.TestUtil.takeScreenshotAtEndOfTest(TestUtil.java:63)
	at com.crm.qa.util.WebEventListener.onException(WebEventListener.java:68)
	at org.openqa.selenium.support.events.EventFiringWebDriver.lambda$new$0(EventFiringWebDriver.java:84)
	at jdk.proxy2/jdk.proxy2.$Proxy9.onException(Unknown Source)
	at org.openqa.selenium.support.events.EventFiringWebDriver.lambda$new$1(EventFiringWebDriver.java:107)
	at jdk.proxy2/jdk.proxy2.$Proxy10.getScreenshotAs(Unknown Source)
	at org.openqa.selenium.support.events.EventFiringWebDriver.getScreenshotAs(EventFiringWebDriver.java:302)
	at com.crm.qa.util.TestUtil.takeScreenshotAtEndOfTest(TestUtil.java:63)
	at com.crm.qa.util.WebEventListener.onException(WebEventListener.java:68)
	at org.openqa.selenium.support.events.EventFiringWebDriver.lambda$new$0(EventFiringWebDriver.java:84)
	at jdk.proxy2/jdk.proxy2.$Proxy9.onException(Unknown Source)
	at org.openqa.selenium.support.events.EventFiringWebDriver.lambda$new$1(EventFiringWebDriver.java:107)
	at jdk.proxy2/jdk.proxy2.$Proxy10.getScreenshotAs(Unknown Source)
	at org.openqa.selenium.support.events.EventFiringWebDriver.getScreenshotAs(EventFiringWebDriver.java:302)
	at com.crm.qa.util.TestUtil.takeScreenshotAtEndOfTest(TestUtil.java:63)
	at com.crm.qa.util.WebEventListener.onException(WebEventListener.java:68)
	at org.openqa.selenium.support.events.EventFiringWebDriver.lambda$new$0(EventFiringWebDriver.java:84)
	at jdk.proxy2/jdk.proxy2.$Proxy9.onException(Unknown Source)
	at org.openqa.selenium.support.events.EventFiringWebDriver.lambda$new$1(EventFiringWebDriver.java:107)
	at jdk.proxy2/jdk.proxy2.$Proxy10.getScreenshotAs(Unknown Source)
	at org.openqa.selenium.support.events.EventFiringWebDriver.getScreenshotAs(EventFiringWebDriver.java:302)
	at com.crm.qa.util.TestUtil.takeScreenshotAtEndOfTest(TestUtil.java:63)
	at com.crm.qa.util.WebEventListener.onException(WebEventListener.java:68)
	at org.openqa.selenium.support.events.EventFiringWebDriver.lambda$new$0(EventFiringWebDriver.java:84)
	at jdk.proxy2/jdk.proxy2.$Proxy9.onException(Unknown Source)
	at org.openqa.selenium.support.events.EventFiringWebDriver.lambda$new$1(EventFiringWebDriver.java:107)
	at jdk.proxy2/jdk.proxy2.$Proxy10.getScreenshotAs(Unknown Source)
	at org.openqa.selenium.support.events.EventFiringWebDriver.getScreenshotAs(EventFiringWebDriver.java:302)
	at com.crm.qa.util.TestUtil.takeScreenshotAtEndOfTest(TestUtil.java:63)
	at com.crm.qa.util.WebEventListener.onException(WebEventListener.java:68)
	at org.openqa.selenium.support.events.EventFiringWebDriver.lambda$new$0(EventFiringWebDriver.java:84)
	at jdk.proxy2/jdk.proxy2.$Proxy9.onException(Unknown Source)
	at org.openqa.selenium.support.events.EventFiringWebDriver.lambda$new$1(EventFiringWebDriver.java:107)
	at jdk.proxy2/jdk.proxy2.$Proxy10.getScreenshotAs(Unknown Source)
	at org.openqa.selenium.support.events.EventFiringWebDriver.getScreenshotAs(EventFiringWebDriver.java:302)
	at com.crm.qa.util.TestUtil.takeScreenshotAtEndOfTest(TestUtil.java:63)
	at com.crm.qa.util.WebEventListener.onException(WebEventListener.java:68)
	at org.openqa.selenium.support.events.EventFiringWebDriver.lambda$new$0(EventFiringWebDriver.java:84)
	at jdk.proxy2/jdk.proxy2.$Proxy9.onException(Unknown Source)
	at org.openqa.selenium.support.events.EventFiringWebDriver.lambda$new$1(EventFiringWebDriver.java:107)
	at jdk.proxy2/jdk.proxy2.$Proxy10.getScreenshotAs(Unknown Source)
	at org.openqa.selenium.support.events.EventFiringWebDriver.getScreenshotAs(EventFiringWebDriver.java:302)
	at com.crm.qa.util.TestUtil.takeScreenshotAtEndOfTest(TestUtil.java:63)
	at com.crm.qa.util.WebEventListener.onException(WebEventListener.java:68)
	at org.openqa.selenium.support.events.EventFiringWebDriver.lambda$new$0(EventFiringWebDriver.java:84)
	at jdk.proxy2/jdk.proxy2.$Proxy9.onException(Unknown Source)
	at org.openqa.selenium.support.events.EventFiringWebDriver.lambda$new$1(EventFiringWebDriver.java:107)
	at jdk.proxy2/jdk.proxy2.$Proxy10.getScreenshotAs(Unknown Source)
	at org.openqa.selenium.support.events.EventFiringWebDriver.getScreenshotAs(EventFiringWebDriver.java:302)
	at com.crm.qa.util.TestUtil.takeScreenshotAtEndOfTest(TestUtil.java:63)
	at com.crm.qa.util.WebEventListener.onException(WebEventListener.java:68)
	at org.openqa.selenium.support.events.EventFiringWebDriver.lambda$new$0(EventFiringWebDriver.java:84)
	at jdk.proxy2/jdk.proxy2.$Proxy9.onException(Unknown Source)
	at org.openqa.selenium.support.events.EventFiringWebDriver.lambda$new$1(EventFiringWebDriver.java:107)
	at jdk.proxy2/jdk.proxy2.$Proxy10.getScreenshotAs(Unknown Source)
	at org.openqa.selenium.support.events.EventFiringWebDriver.getScreenshotAs(EventFiringWebDriver.java:302)
	at com.crm.qa.util.TestUtil.takeScreenshotAtEndOfTest(TestUtil.java:63)
	at com.crm.qa.util.WebEventListener.onException(WebEventListener.java:68)
	at org.openqa.selenium.support.events.EventFiringWebDriver.lambda$new$0(EventFiringWebDriver.java:84)
	at jdk.proxy2/jdk.proxy2.$Proxy9.onException(Unknown Source)
	at org.openqa.selenium.support.events.EventFiringWebDriver.lambda$new$1(EventFiringWebDriver.java:107)
	at jdk.proxy2/jdk.proxy2.$Proxy10.getScreenshotAs(Unknown Source)
	at org.openqa.selenium.support.events.EventFiringWebDriver.getScreenshotAs(EventFiringWebDriver.java:302)
	at com.crm.qa.util.TestUtil.takeScreenshotAtEndOfTest(TestUtil.java:63)
	at com.crm.qa.util.WebEventListener.onException(WebEventListener.java:68)
	at org.openqa.selenium.support.events.EventFiringWebDriver.lambda$new$0(EventFiringWebDriver.java:84)
	at jdk.proxy2/jdk.proxy2.$Proxy9.onException(Unknown Source)
	at org.openqa.selenium.support.events.EventFiringWebDriver.lambda$new$1(EventFiringWebDriver.java:107)
	at jdk.proxy2/jdk.proxy2.$Proxy10.getScreenshotAs(Unknown Source)
	at org.openqa.selenium.support.events.EventFiringWebDriver.getScreenshotAs(EventFiringWebDriver.java:302)
	at com.crm.qa.util.TestUtil.takeScreenshotAtEndOfTest(TestUtil.java:63)
	at com.crm.qa.util.WebEventListener.onException(WebEventListener.java:68)
	at org.openqa.selenium.support.events.EventFiringWebDriver.lambda$new$0(EventFiringWebDriver.java:84)
	at jdk.proxy2/jdk.proxy2.$Proxy9.onException(Unknown Source)
	at org.openqa.selenium.support.events.EventFiringWebDriver.lambda$new$1(EventFiringWebDriver.java:107)
	at jdk.proxy2/jdk.proxy2.$Proxy10.getScreenshotAs(Unknown Source)
	at org.openqa.selenium.support.events.EventFiringWebDriver.getScreenshotAs(EventFiringWebDriver.java:302)
	at com.crm.qa.util.TestUtil.takeScreenshotAtEndOfTest(TestUtil.java:63)
	at com.crm.qa.util.WebEventListener.onException(WebEventListener.java:68)
	at org.openqa.selenium.support.events.EventFiringWebDriver.lambda$new$0(EventFiringWebDriver.java:84)
	at jdk.proxy2/jdk.proxy2.$Proxy9.onException(Unknown Source)
	at org.openqa.selenium.support.events.EventFiringWebDriver.lambda$new$1(EventFiringWebDriver.java:107)
	at jdk.proxy2/jdk.proxy2.$Proxy10.getScreenshotAs(Unknown Source)
	at org.openqa.selenium.support.events.EventFiringWebDriver.getScreenshotAs(EventFiringWebDriver.java:302)
	at com.crm.qa.util.TestUtil.takeScreenshotAtEndOfTest(TestUtil.java:63)
	at com.crm.qa.util.WebEventListener.onException(WebEventListener.java:68)
	at org.openqa.selenium.support.events.EventFiringWebDriver.lambda$new$0(EventFiringWebDriver.java:84)
	at jdk.proxy2/jdk.proxy2.$Proxy9.onException(Unknown Source)
	at org.openqa.selenium.support.events.EventFiringWebDriver.lambda$new$1(EventFiringWebDriver.java:107)
	at jdk.proxy2/jdk.proxy2.$Proxy10.getScreenshotAs(Unknown Source)
	at org.openqa.selenium.support.events.EventFiringWebDriver.getScreenshotAs(EventFiringWebDriver.java:302)
	at com.crm.qa.util.TestUtil.takeScreenshotAtEndOfTest(TestUtil.java:63)
	at com.crm.qa.util.WebEventListener.onException(WebEventListener.java:68)
	at org.openqa.selenium.support.events.EventFiringWebDriver.lambda$new$0(EventFiringWebDriver.java:84)
	at jdk.proxy2/jdk.proxy2.$Proxy9.onException(Unknown Source)
	at org.openqa.selenium.support.events.EventFiringWebDriver.lambda$new$1(EventFiringWebDriver.java:107)
	at jdk.proxy2/jdk.proxy2.$Proxy10.getScreenshotAs(Unknown Source)
	at org.openqa.selenium.support.events.EventFiringWebDriver.getScreenshotAs(EventFiringWebDriver.java:302)
	at com.crm.qa.util.TestUtil.takeScreenshotAtEndOfTest(TestUtil.java:63)
	at com.crm.qa.util.WebEventListener.onException(WebEventListener.java:68)
	at org.openqa.selenium.support.events.EventFiringWebDriver.lambda$new$0(EventFiringWebDriver.java:84)
	at jdk.proxy2/jdk.proxy2.$Proxy9.onException(Unknown Source)
	at org.openqa.selenium.support.events.EventFiringWebDriver.lambda$new$1(EventFiringWebDriver.java:107)
	at jdk.proxy2/jdk.proxy2.$Proxy10.getScreenshotAs(Unknown Source)
	at org.openqa.selenium.support.events.EventFiringWebDriver.getScreenshotAs(EventFiringWebDriver.java:302)
	at com.crm.qa.util.TestUtil.takeScreenshotAtEndOfTest(TestUtil.java:63)
	at com.crm.qa.util.WebEventListener.onException(WebEventListener.java:68)
	at org.openqa.selenium.support.events.EventFiringWebDriver.lambda$new$0(EventFiringWebDriver.java:84)
	at jdk.proxy2/jdk.proxy2.$Proxy9.onException(Unknown Source)
	at org.openqa.selenium.support.events.EventFiringWebDriver.lambda$new$1(EventFiringWebDriver.java:107)
	at jdk.proxy2/jdk.proxy2.$Proxy10.getScreenshotAs(Unknown Source)
	at org.openqa.selenium.support.events.EventFiringWebDriver.getScreenshotAs(EventFiringWebDriver.java:302)
	at com.crm.qa.util.TestUtil.takeScreenshotAtEndOfTest(TestUtil.java:63)
	at com.crm.qa.util.WebEventListener.onException(WebEventListener.java:68)
	at org.openqa.selenium.support.events.EventFiringWebDriver.lambda$new$0(EventFiringWebDriver.java:84)
	at jdk.proxy2/jdk.proxy2.$Proxy9.onException(Unknown Source)
	at org.openqa.selenium.support.events.EventFiringWebDriver.lambda$new$1(EventFiringWebDriver.java:107)
	at jdk.proxy2/jdk.proxy2.$Proxy10.getScreenshotAs(Unknown Source)
	at org.openqa.selenium.support.events.EventFiringWebDriver.getScreenshotAs(EventFiringWebDriver.java:302)
	at com.crm.qa.util.TestUtil.takeScreenshotAtEndOfTest(TestUtil.java:63)
	at com.crm.qa.util.WebEventListener.onException(WebEventListener.java:68)
	at org.openqa.selenium.support.events.EventFiringWebDriver.lambda$new$0(EventFiringWebDriver.java:84)
	at jdk.proxy2/jdk.proxy2.$Proxy9.onException(Unknown Source)
	at org.openqa.selenium.support.events.EventFiringWebDriver.lambda$new$1(EventFiringWebDriver.java:107)
	at jdk.proxy2/jdk.proxy2.$Proxy10.getScreenshotAs(Unknown Source)
	at org.openqa.selenium.support.events.EventFiringWebDriver.getScreenshotAs(EventFiringWebDriver.java:302)
	at com.crm.qa.util.TestUtil.takeScreenshotAtEndOfTest(TestUtil.java:63)
	at com.crm.qa.util.WebEventListener.onException(WebEventListener.java:68)
	at org.openqa.selenium.support.events.EventFiringWebDriver.lambda$new$0(EventFiringWebDriver.java:84)
	at jdk.proxy2/jdk.proxy2.$Proxy9.onException(Unknown Source)
	at org.openqa.selenium.support.events.EventFiringWebDriver.lambda$new$1(EventFiringWebDriver.java:107)
	at jdk.proxy2/jdk.proxy2.$Proxy10.getScreenshotAs(Unknown Source)
	at org.openqa.selenium.support.events.EventFiringWebDriver.getScreenshotAs(EventFiringWebDriver.java:302)
	at com.crm.qa.util.TestUtil.takeScreenshotAtEndOfTest(TestUtil.java:63)
	at com.crm.qa.util.WebEventListener.onException(WebEventListener.java:68)
	at org.openqa.selenium.support.events.EventFiringWebDriver.lambda$new$0(EventFiringWebDriver.java:84)
	at jdk.proxy2/jdk.proxy2.$Proxy9.onException(Unknown Source)
	at org.openqa.selenium.support.events.EventFiringWebDriver.lambda$new$1(EventFiringWebDriver.java:107)
	at jdk.proxy2/jdk.proxy2.$Proxy10.getScreenshotAs(Unknown Source)
	at org.openqa.selenium.support.events.EventFiringWebDriver.getScreenshotAs(EventFiringWebDriver.java:302)
	at com.crm.qa.util.TestUtil.takeScreenshotAtEndOfTest(TestUtil.java:63)
	at com.crm.qa.util.WebEventListener.onException(WebEventListener.java:68)
	at org.openqa.selenium.support.events.EventFiringWebDriver.lambda$new$0(EventFiringWebDriver.java:84)
	at jdk.proxy2/jdk.proxy2.$Proxy9.onException(Unknown Source)
	at org.openqa.selenium.support.events.EventFiringWebDriver.lambda$new$1(EventFiringWebDriver.java:107)
	at jdk.proxy2/jdk.proxy2.$Proxy10.getScreenshotAs(Unknown Source)
	at org.openqa.selenium.support.events.EventFiringWebDriver.getScreenshotAs(EventFiringWebDriver.java:302)
	at com.crm.qa.util.TestUtil.takeScreenshotAtEndOfTest(TestUtil.java:63)
	at com.crm.qa.util.WebEventListener.onException(WebEventListener.java:68)
	at org.openqa.selenium.support.events.EventFiringWebDriver.lambda$new$0(EventFiringWebDriver.java:84)
	at jdk.proxy2/jdk.proxy2.$Proxy9.onException(Unknown Source)
	at org.openqa.selenium.support.events.EventFiringWebDriver.lambda$new$1(EventFiringWebDriver.java:107)
	at jdk.proxy2/jdk.proxy2.$Proxy10.getScreenshotAs(Unknown Source)
	at org.openqa.selenium.support.events.EventFiringWebDriver.getScreenshotAs(EventFiringWebDriver.java:302)
	at com.crm.qa.util.TestUtil.takeScreenshotAtEndOfTest(TestUtil.java:63)
	at com.crm.qa.util.WebEventListener.onException(WebEventListener.java:68)
	at org.openqa.selenium.support.events.EventFiringWebDriver.lambda$new$0(EventFiringWebDriver.java:84)
	at jdk.proxy2/jdk.proxy2.$Proxy9.onException(Unknown Source)
	at org.openqa.selenium.support.events.EventFiringWebDriver.lambda$new$1(EventFiringWebDriver.java:107)
	at jdk.proxy2/jdk.proxy2.$Proxy10.getScreenshotAs(Unknown Source)
	at org.openqa.selenium.support.events.EventFiringWebDriver.getScreenshotAs(EventFiringWebDriver.java:302)
	at com.crm.qa.util.TestUtil.takeScreenshotAtEndOfTest(TestUtil.java:63)
	at com.crm.qa.util.WebEventListener.onException(WebEventListener.java:68)
	at org.openqa.selenium.support.events.EventFiringWebDriver.lambda$new$0(EventFiringWebDriver.java:84)
	at jdk.proxy2/jdk.proxy2.$Proxy9.onException(Unknown Source)
	at org.openqa.selenium.support.events.EventFiringWebDriver.lambda$new$1(EventFiringWebDriver.java:107)
	at jdk.proxy2/jdk.proxy2.$Proxy10.getScreenshotAs(Unknown Source)
	at org.openqa.selenium.support.events.EventFiringWebDriver.getScreenshotAs(EventFiringWebDriver.java:302)
	at com.crm.qa.util.TestUtil.takeScreenshotAtEndOfTest(TestUtil.java:63)
	at com.crm.qa.util.WebEventListener.onException(WebEventListener.java:68)
	at org.openqa.selenium.support.events.EventFiringWebDriver.lambda$new$0(EventFiringWebDriver.java:84)
	at jdk.proxy2/jdk.proxy2.$Proxy9.onException(Unknown Source)
	at org.openqa.selenium.support.events.EventFiringWebDriver.lambda$new$1(EventFiringWebDriver.java:107)
	at jdk.proxy2/jdk.proxy2.$Proxy10.getScreenshotAs(Unknown Source)
	at org.openqa.selenium.support.events.EventFiringWebDriver.getScreenshotAs(EventFiringWebDriver.java:302)
	at com.crm.qa.util.TestUtil.takeScreenshotAtEndOfTest(TestUtil.java:63)
	at com.crm.qa.util.WebEventListener.onException(WebEventListener.java:68)
	at org.openqa.selenium.support.events.EventFiringWebDriver.lambda$new$0(EventFiringWebDriver.java:84)
	at jdk.proxy2/jdk.proxy2.$Proxy9.onException(Unknown Source)
	at org.openqa.selenium.support.events.EventFiringWebDriver.lambda$new$1(EventFiringWebDriver.java:107)
	at jdk.proxy2/jdk.proxy2.$Proxy10.getScreenshotAs(Unknown Source)
	at org.openqa.selenium.support.events.EventFiringWebDriver.getScreenshotAs(EventFiringWebDriver.java:302)
	at com.crm.qa.util.TestUtil.takeScreenshotAtEndOfTest(TestUtil.java:63)
	at com.crm.qa.util.WebEventListener.onException(WebEventListener.java:68)
	at org.openqa.selenium.support.events.EventFiringWebDriver.lambda$new$0(EventFiringWebDriver.java:84)
	at jdk.proxy2/jdk.proxy2.$Proxy9.onException(Unknown Source)
	at org.openqa.selenium.support.events.EventFiringWebDriver.lambda$new$1(EventFiringWebDriver.java:107)
	at jdk.proxy2/jdk.proxy2.$Proxy10.getScreenshotAs(Unknown Source)
	at org.openqa.selenium.support.events.EventFiringWebDriver.getScreenshotAs(EventFiringWebDriver.java:302)
	at com.crm.qa.util.TestUtil.takeScreenshotAtEndOfTest(TestUtil.java:63)
	at com.crm.qa.util.WebEventListener.onException(WebEventListener.java:68)
	at org.openqa.selenium.support.events.EventFiringWebDriver.lambda$new$0(EventFiringWebDriver.java:84)
	at jdk.proxy2/jdk.proxy2.$Proxy9.onException(Unknown Source)
	at org.openqa.selenium.support.events.EventFiringWebDriver.lambda$new$1(EventFiringWebDriver.java:107)
	at jdk.proxy2/jdk.proxy2.$Proxy10.getScreenshotAs(Unknown Source)
	at org.openqa.selenium.support.events.EventFiringWebDriver.getScreenshotAs(EventFiringWebDriver.java:302)
	at com.crm.qa.util.TestUtil.takeScreenshotAtEndOfTest(TestUtil.java:63)
	at com.crm.qa.util.WebEventListener.onException(WebEventListener.java:68)
	at org.openqa.selenium.support.events.EventFiringWebDriver.lambda$new$0(EventFiringWebDriver.java:84)
	at jdk.proxy2/jdk.proxy2.$Proxy9.onException(Unknown Source)
	at org.openqa.selenium.support.events.EventFiringWebDriver.lambda$new$1(EventFiringWebDriver.java:107)
	at jdk.proxy2/jdk.proxy2.$Proxy10.getScreenshotAs(Unknown Source)
	at org.openqa.selenium.support.events.EventFiringWebDriver.getScreenshotAs(EventFiringWebDriver.java:302)
	at com.crm.qa.util.TestUtil.takeScreenshotAtEndOfTest(TestUtil.java:63)
	at com.crm.qa.util.WebEventListener.onException(WebEventListener.java:68)
	at org.openqa.selenium.support.events.EventFiringWebDriver.lambda$new$0(EventFiringWebDriver.java:84)
	at jdk.proxy2/jdk.proxy2.$Proxy9.onException(Unknown Source)
	at org.openqa.selenium.support.events.EventFiringWebDriver.lambda$new$1(EventFiringWebDriver.java:107)
	at jdk.proxy2/jdk.proxy2.$Proxy10.getScreenshotAs(Unknown Source)
	at org.openqa.selenium.support.events.EventFiringWebDriver.getScreenshotAs(EventFiringWebDriver.java:302)
	at com.crm.qa.util.TestUtil.takeScreenshotAtEndOfTest(TestUtil.java:63)
	at com.crm.qa.util.WebEventListener.onException(WebEventListener.java:68)
	at org.openqa.selenium.support.events.EventFiringWebDriver.lambda$new$0(EventFiringWebDriver.java:84)
	at jdk.proxy2/jdk.proxy2.$Proxy9.onException(Unknown Source)
	at org.openqa.selenium.support.events.EventFiringWebDriver.lambda$new$1(EventFiringWebDriver.java:107)
	at jdk.proxy2/jdk.proxy2.$Proxy10.getScreenshotAs(Unknown Source)
	at org.openqa.selenium.support.events.EventFiringWebDriver.getScreenshotAs(EventFiringWebDriver.java:302)
	at com.crm.qa.util.TestUtil.takeScreenshotAtEndOfTest(TestUtil.java:63)
	at com.crm.qa.util.WebEventListener.onException(WebEventListener.java:68)
	at org.openqa.selenium.support.events.EventFiringWebDriver.lambda$new$0(EventFiringWebDriver.java:84)
	at jdk.proxy2/jdk.proxy2.$Proxy9.onException(Unknown Source)
	at org.openqa.selenium.support.events.EventFiringWebDriver.lambda$new$1(EventFiringWebDriver.java:107)
	at jdk.proxy2/jdk.proxy2.$Proxy10.getScreenshotAs(Unknown Source)
	at org.openqa.selenium.support.events.EventFiringWebDriver.getScreenshotAs(EventFiringWebDriver.java:302)
	at com.crm.qa.util.TestUtil.takeScreenshotAtEndOfTest(TestUtil.java:63)
	at com.crm.qa.util.WebEventListener.onException(WebEventListener.java:68)
	at org.openqa.selenium.support.events.EventFiringWebDriver.lambda$new$0(EventFiringWebDriver.java:84)
	at jdk.proxy2/jdk.proxy2.$Proxy9.onException(Unknown Source)
	at org.openqa.selenium.support.events.EventFiringWebDriver.lambda$new$1(EventFiringWebDriver.java:107)
	at jdk.proxy2/jdk.proxy2.$Proxy10.getScreenshotAs(Unknown Source)
	at org.openqa.selenium.support.events.EventFiringWebDriver.getScreenshotAs(EventFiringWebDriver.java:302)
	at com.crm.qa.util.TestUtil.takeScreenshotAtEndOfTest(TestUtil.java:63)
	at com.crm.qa.util.WebEventListener.onException(WebEventListener.java:68)
	at org.openqa.selenium.support.events.EventFiringWebDriver.lambda$new$0(EventFiringWebDriver.java:84)
	at jdk.proxy2/jdk.proxy2.$Proxy9.onException(Unknown Source)
	at org.openqa.selenium.support.events.EventFiringWebDriver.lambda$new$1(EventFiringWebDriver.java:107)
	at jdk.proxy2/jdk.proxy2.$Proxy10.getScreenshotAs(Unknown Source)
	at org.openqa.selenium.support.events.EventFiringWebDriver.getScreenshotAs(EventFiringWebDriver.java:302)
	at com.crm.qa.util.TestUtil.takeScreenshotAtEndOfTest(TestUtil.java:63)
	at com.crm.qa.util.WebEventListener.onException(WebEventListener.java:68)
	at org.openqa.selenium.support.events.EventFiringWebDriver.lambda$new$0(EventFiringWebDriver.java:84)
	at jdk.proxy2/jdk.proxy2.$Proxy9.onException(Unknown Source)
	at org.openqa.selenium.support.events.EventFiringWebDriver.lambda$new$1(EventFiringWebDriver.java:107)
	at jdk.proxy2/jdk.proxy2.$Proxy10.getScreenshotAs(Unknown Source)
	at org.openqa.selenium.support.events.EventFiringWebDriver.getScreenshotAs(EventFiringWebDriver.java:302)
	at com.crm.qa.util.TestUtil.takeScreenshotAtEndOfTest(TestUtil.java:63)
	at com.crm.qa.util.WebEventListener.onException(WebEventListener.java:68)
	at org.openqa.selenium.support.events.EventFiringWebDriver.lambda$new$0(EventFiringWebDriver.java:84)
	at jdk.proxy2/jdk.proxy2.$Proxy9.onException(Unknown Source)
	at org.openqa.selenium.support.events.EventFiringWebDriver.lambda$new$1(EventFiringWebDriver.java:107)
	at jdk.proxy2/jdk.proxy2.$Proxy10.getScreenshotAs(Unknown Source)
	at org.openqa.selenium.support.events.EventFiringWebDriver.getScreenshotAs(EventFiringWebDriver.java:302)
	at com.crm.qa.util.TestUtil.takeScreenshotAtEndOfTest(TestUtil.java:63)
	at com.crm.qa.util.WebEventListener.onException(WebEventListener.java:68)
	at org.openqa.selenium.support.events.EventFiringWebDriver.lambda$new$0(EventFiringWebDriver.java:84)
	at jdk.proxy2/jdk.proxy2.$Proxy9.onException(Unknown Source)
	at org.openqa.selenium.support.events.EventFiringWebDriver.lambda$new$1(EventFiringWebDriver.java:107)
	at jdk.proxy2/jdk.proxy2.$Proxy10.getScreenshotAs(Unknown Source)
	at org.openqa.selenium.support.events.EventFiringWebDriver.getScreenshotAs(EventFiringWebDriver.java:302)
	at com.crm.qa.util.TestUtil.takeScreenshotAtEndOfTest(TestUtil.java:63)
	at com.crm.qa.util.WebEventListener.onException(WebEventListener.java:68)
	at org.openqa.selenium.support.events.EventFiringWebDriver.lambda$new$0(EventFiringWebDriver.java:84)
	at jdk.proxy2/jdk.proxy2.$Proxy9.onException(Unknown Source)
	at org.openqa.selenium.support.events.EventFiringWebDriver.lambda$new$1(EventFiringWebDriver.java:107)
	at jdk.proxy2/jdk.proxy2.$Proxy10.getScreenshotAs(Unknown Source)
	at org.openqa.selenium.support.events.EventFiringWebDriver.getScreenshotAs(EventFiringWebDriver.java:302)
	at com.crm.qa.util.TestUtil.takeScreenshotAtEndOfTest(TestUtil.java:63)
	at com.crm.qa.util.WebEventListener.onException(WebEventListener.java:68)
	at org.openqa.selenium.support.events.EventFiringWebDriver.lambda$new$0(EventFiringWebDriver.java:84)
	at jdk.proxy2/jdk.proxy2.$Proxy9.onException(Unknown Source)
	at org.openqa.selenium.support.events.EventFiringWebDriver.lambda$new$1(EventFiringWebDriver.java:107)
	at jdk.proxy2/jdk.proxy2.$Proxy10.getScreenshotAs(Unknown Source)
	at org.openqa.selenium.support.events.EventFiringWebDriver.getScreenshotAs(EventFiringWebDriver.java:302)
	at com.crm.qa.util.TestUtil.takeScreenshotAtEndOfTest(TestUtil.java:63)
	at com.crm.qa.util.WebEventListener.onException(WebEventListener.java:68)
	at org.openqa.selenium.support.events.EventFiringWebDriver.lambda$new$0(EventFiringWebDriver.java:84)
	at jdk.proxy2/jdk.proxy2.$Proxy9.onException(Unknown Source)
	at org.openqa.selenium.support.events.EventFiringWebDriver.lambda$new$1(EventFiringWebDriver.java:107)
	at jdk.proxy2/jdk.proxy2.$Proxy10.getScreenshotAs(Unknown Source)
	at org.openqa.selenium.support.events.EventFiringWebDriver.getScreenshotAs(EventFiringWebDriver.java:302)
	at com.crm.qa.util.TestUtil.takeScreenshotAtEndOfTest(TestUtil.java:63)
	at com.crm.qa.util.WebEventListener.onException(WebEventListener.java:68)
	at org.openqa.selenium.support.events.EventFiringWebDriver.lambda$new$0(EventFiringWebDriver.java:84)
	at jdk.proxy2/jdk.proxy2.$Proxy9.onException(Unknown Source)
	at org.openqa.selenium.support.events.EventFiringWebDriver.lambda$new$1(EventFiringWebDriver.java:107)
	at jdk.proxy2/jdk.proxy2.$Proxy10.getScreenshotAs(Unknown Source)
	at org.openqa.selenium.support.events.EventFiringWebDriver.getScreenshotAs(EventFiringWebDriver.java:302)
	at com.crm.qa.util.TestUtil.takeScreenshotAtEndOfTest(TestUtil.java:63)
	at com.crm.qa.util.WebEventListener.onException(WebEventListener.java:68)
	at org.openqa.selenium.support.events.EventFiringWebDriver.lambda$new$0(EventFiringWebDriver.java:84)
	at jdk.proxy2/jdk.proxy2.$Proxy9.onException(Unknown Source)
	at org.openqa.selenium.support.events.EventFiringWebDriver.lambda$new$1(EventFiringWebDriver.java:107)
	at jdk.proxy2/jdk.proxy2.$Proxy10.getScreenshotAs(Unknown Source)
	at org.openqa.selenium.support.events.EventFiringWebDriver.getScreenshotAs(EventFiringWebDriver.java:302)
	at com.crm.qa.util.TestUtil.takeScreenshotAtEndOfTest(TestUtil.java:63)
	at com.crm.qa.util.WebEventListener.onException(WebEventListener.java:68)
	at org.openqa.selenium.support.events.EventFiringWebDriver.lambda$new$0(EventFiringWebDriver.java:84)
	at jdk.proxy2/jdk.proxy2.$Proxy9.onException(Unknown Source)
	at org.openqa.selenium.support.events.EventFiringWebDriver.lambda$new$1(EventFiringWebDriver.java:107)
	at jdk.proxy2/jdk.proxy2.$Proxy10.getScreenshotAs(Unknown Source)
	at org.openqa.selenium.support.events.EventFiringWebDriver.getScreenshotAs(EventFiringWebDriver.java:302)
	at com.crm.qa.util.TestUtil.takeScreenshotAtEndOfTest(TestUtil.java:63)
	at com.crm.qa.util.WebEventListener.onException(WebEventListener.java:68)
	at org.openqa.selenium.support.events.EventFiringWebDriver.lambda$new$0(EventFiringWebDriver.java:84)
	at jdk.proxy2/jdk.proxy2.$Proxy9.onException(Unknown Source)
	at org.openqa.selenium.support.events.EventFiringWebDriver.lambda$new$1(EventFiringWebDriver.java:107)
	at jdk.proxy2/jdk.proxy2.$Proxy10.getScreenshotAs(Unknown Source)
	at org.openqa.selenium.support.events.EventFiringWebDriver.getScreenshotAs(EventFiringWebDriver.java:302)
	at com.crm.qa.util.TestUtil.takeScreenshotAtEndOfTest(TestUtil.java:63)
	at com.crm.qa.util.WebEventListener.onException(WebEventListener.java:68)
	at org.openqa.selenium.support.events.EventFiringWebDriver.lambda$new$0(EventFiringWebDriver.java:84)
	at jdk.proxy2/jdk.proxy2.$Proxy9.onException(Unknown Source)
	at org.openqa.selenium.support.events.EventFiringWebDriver.lambda$new$1(EventFiringWebDriver.java:107)
	at jdk.proxy2/jdk.proxy2.$Proxy10.getScreenshotAs(Unknown Source)
	at org.openqa.selenium.support.events.EventFiringWebDriver.getScreenshotAs(EventFiringWebDriver.java:302)
	at com.crm.qa.util.TestUtil.takeScreenshotAtEndOfTest(TestUtil.java:63)
	at com.crm.qa.util.WebEventListener.onException(WebEventListener.java:68)
	at org.openqa.selenium.support.events.EventFiringWebDriver.lambda$new$0(EventFiringWebDriver.java:84)
	at jdk.proxy2/jdk.proxy2.$Proxy9.onException(Unknown Source)
	at org.openqa.selenium.support.events.EventFiringWebDriver.lambda$new$1(EventFiringWebDriver.java:107)
	at jdk.proxy2/jdk.proxy2.$Proxy10.getScreenshotAs(Unknown Source)
	at org.openqa.selenium.support.events.EventFiringWebDriver.getScreenshotAs(EventFiringWebDriver.java:302)
	at com.crm.qa.util.TestUtil.takeScreenshotAtEndOfTest(TestUtil.java:63)
	at com.crm.qa.util.WebEventListener.onException(WebEventListener.java:68)
	at org.openqa.selenium.support.events.EventFiringWebDriver.lambda$new$0(EventFiringWebDriver.java:84)
	at jdk.proxy2/jdk.proxy2.$Proxy9.onException(Unknown Source)
	at org.openqa.selenium.support.events.EventFiringWebDriver.lambda$new$1(EventFiringWebDriver.java:107)
	at jdk.proxy2/jdk.proxy2.$Proxy10.getScreenshotAs(Unknown Source)
	at org.openqa.selenium.support.events.EventFiringWebDriver.getScreenshotAs(EventFiringWebDriver.java:302)
	at com.crm.qa.util.TestUtil.takeScreenshotAtEndOfTest(TestUtil.java:63)
	at com.crm.qa.util.WebEventListener.onException(WebEventListener.java:68)
	at org.openqa.selenium.support.events.EventFiringWebDriver.lambda$new$0(EventFiringWebDriver.java:84)
	at jdk.proxy2/jdk.proxy2.$Proxy9.onException(Unknown Source)
	at org.openqa.selenium.support.events.EventFiringWebDriver.lambda$new$1(EventFiringWebDriver.java:107)
	at jdk.proxy2/jdk.proxy2.$Proxy10.getScreenshotAs(Unknown Source)
	at org.openqa.selenium.support.events.EventFiringWebDriver.getScreenshotAs(EventFiringWebDriver.java:302)
	at com.crm.qa.util.TestUtil.takeScreenshotAtEndOfTest(TestUtil.java:63)
	at com.crm.qa.util.WebEventListener.onException(WebEventListener.java:68)
	at org.openqa.selenium.support.events.EventFiringWebDriver.lambda$new$0(EventFiringWebDriver.java:84)
	at jdk.proxy2/jdk.proxy2.$Proxy9.onException(Unknown Source)
	at org.openqa.selenium.support.events.EventFiringWebDriver.lambda$new$1(EventFiringWebDriver.java:107)
	at jdk.proxy2/jdk.proxy2.$Proxy10.getScreenshotAs(Unknown Source)
	at org.openqa.selenium.support.events.EventFiringWebDriver.getScreenshotAs(EventFiringWebDriver.java:302)
	at com.crm.qa.util.TestUtil.takeScreenshotAtEndOfTest(TestUtil.java:63)
	at com.crm.qa.util.WebEventListener.onException(WebEventListener.java:68)
	at org.openqa.selenium.support.events.EventFiringWebDriver.lambda$new$0(EventFiringWebDriver.java:84)
	at jdk.proxy2/jdk.proxy2.$Proxy9.onException(Unknown Source)
	at org.openqa.selenium.support.events.EventFiringWebDriver.lambda$new$1(EventFiringWebDriver.java:107)
	at jdk.proxy2/jdk.proxy2.$Proxy10.getScreenshotAs(Unknown Source)
	at org.openqa.selenium.support.events.EventFiringWebDriver.getScreenshotAs(EventFiringWebDriver.java:302)
	at com.crm.qa.util.TestUtil.takeScreenshotAtEndOfTest(TestUtil.java:63)
	at com.crm.qa.util.WebEventListener.onException(WebEventListener.java:68)
	at org.openqa.selenium.support.events.EventFiringWebDriver.lambda$new$0(EventFiringWebDriver.java:84)
	at jdk.proxy2/jdk.proxy2.$Proxy9.onException(Unknown Source)
	at org.openqa.selenium.support.events.EventFiringWebDriver.lambda$new$1(EventFiringWebDriver.java:107)
	at jdk.proxy2/jdk.proxy2.$Proxy10.getScreenshotAs(Unknown Source)
	at org.openqa.selenium.support.events.EventFiringWebDriver.getScreenshotAs(EventFiringWebDriver.java:302)
	at com.crm.qa.util.TestUtil.takeScreenshotAtEndOfTest(TestUtil.java:63)
	at com.crm.qa.util.WebEventListener.onException(WebEventListener.java:68)
	at org.openqa.selenium.support.events.EventFiringWebDriver.lambda$new$0(EventFiringWebDriver.java:84)
	at jdk.proxy2/jdk.proxy2.$Proxy9.onException(Unknown Source)
	at org.openqa.selenium.support.events.EventFiringWebDriver.lambda$new$1(EventFiringWebDriver.java:107)
	at jdk.proxy2/jdk.proxy2.$Proxy10.getScreenshotAs(Unknown Source)
	at org.openqa.selenium.support.events.EventFiringWebDriver.getScreenshotAs(EventFiringWebDriver.java:302)
	at com.crm.qa.util.TestUtil.takeScreenshotAtEndOfTest(TestUtil.java:63)
	at com.crm.qa.util.WebEventListener.onException(WebEventListener.java:68)
	at org.openqa.selenium.support.events.EventFiringWebDriver.lambda$new$0(EventFiringWebDriver.java:84)
	at jdk.proxy2/jdk.proxy2.$Proxy9.onException(Unknown Source)
	at org.openqa.selenium.support.events.EventFiringWebDriver.lambda$new$1(EventFiringWebDriver.java:107)
	at jdk.proxy2/jdk.proxy2.$Proxy10.getScreenshotAs(Unknown Source)
	at org.openqa.selenium.support.events.EventFiringWebDriver.getScreenshotAs(EventFiringWebDriver.java:302)
	at com.crm.qa.util.TestUtil.takeScreenshotAtEndOfTest(TestUtil.java:63)
	at com.crm.qa.util.WebEventListener.onException(WebEventListener.java:68)
	at org.openqa.selenium.support.events.EventFiringWebDriver.lambda$new$0(EventFiringWebDriver.java:84)
	at jdk.proxy2/jdk.proxy2.$Proxy9.onException(Unknown Source)
	at org.openqa.selenium.support.events.EventFiringWebDriver.lambda$new$1(EventFiringWebDriver.java:107)
	at jdk.proxy2/jdk.proxy2.$Proxy10.getScreenshotAs(Unknown Source)
	at org.openqa.selenium.support.events.EventFiringWebDriver.getScreenshotAs(EventFiringWebDriver.java:302)
	at com.crm.qa.util.TestUtil.takeScreenshotAtEndOfTest(TestUtil.java:63)
	at com.crm.qa.util.WebEventListener.onException(WebEventListener.java:68)
	at org.openqa.selenium.support.events.EventFiringWebDriver.lambda$new$0(EventFiringWebDriver.java:84)
	at jdk.proxy2/jdk.proxy2.$Proxy9.onException(Unknown Source)
	at org.openqa.selenium.support.events.EventFiringWebDriver.lambda$new$1(EventFiringWebDriver.java:107)
	at jdk.proxy2/jdk.proxy2.$Proxy10.getScreenshotAs(Unknown Source)
	at org.openqa.selenium.support.events.EventFiringWebDriver.getScreenshotAs(EventFiringWebDriver.java:302)
	at com.crm.qa.util.TestUtil.takeScreenshotAtEndOfTest(TestUtil.java:63)
	at com.crm.qa.util.WebEventListener.onException(WebEventListener.java:68)
	at org.openqa.selenium.support.events.EventFiringWebDriver.lambda$new$0(EventFiringWebDriver.java:84)
	at jdk.proxy2/jdk.proxy2.$Proxy9.onException(Unknown Source)
	at org.openqa.selenium.support.events.EventFiringWebDriver.lambda$new$1(EventFiringWebDriver.java:107)
	at jdk.proxy2/jdk.proxy2.$Proxy10.getScreenshotAs(Unknown Source)
	at org.openqa.selenium.support.events.EventFiringWebDriver.getScreenshotAs(EventFiringWebDriver.java:302)
	at com.crm.qa.util.TestUtil.takeScreenshotAtEndOfTest(TestUtil.java:63)
	at com.crm.qa.util.WebEventListener.onException(WebEventListener.java:68)
	at org.openqa.selenium.support.events.EventFiringWebDriver.lambda$new$0(EventFiringWebDriver.java:84)
	at jdk.proxy2/jdk.proxy2.$Proxy9.onException(Unknown Source)
	at org.openqa.selenium.support.events.EventFiringWebDriver.lambda$new$1(EventFiringWebDriver.java:107)
	at jdk.proxy2/jdk.proxy2.$Proxy10.getScreenshotAs(Unknown Source)
	at org.openqa.selenium.support.events.EventFiringWebDriver.getScreenshotAs(EventFiringWebDriver.java:302)
	at com.crm.qa.util.TestUtil.takeScreenshotAtEndOfTest(TestUtil.java:63)
	at com.crm.qa.util.WebEventListener.onException(WebEventListener.java:68)
	at org.openqa.selenium.support.events.EventFiringWebDriver.lambda$new$0(EventFiringWebDriver.java:84)
	at jdk.proxy2/jdk.proxy2.$Proxy9.onException(Unknown Source)
	at org.openqa.selenium.support.events.EventFiringWebDriver.lambda$new$1(EventFiringWebDriver.java:107)
	at jdk.proxy2/jdk.proxy2.$Proxy10.getScreenshotAs(Unknown Source)
	at org.openqa.selenium.support.events.EventFiringWebDriver.getScreenshotAs(EventFiringWebDriver.java:302)
	at com.crm.qa.util.TestUtil.takeScreenshotAtEndOfTest(TestUtil.java:63)
	at com.crm.qa.util.WebEventListener.onException(WebEventListener.java:68)
	at org.openqa.selenium.support.events.EventFiringWebDriver.lambda$new$0(EventFiringWebDriver.java:84)
	at jdk.proxy2/jdk.proxy2.$Proxy9.onException(Unknown Source)
	at org.openqa.selenium.support.events.EventFiringWebDriver.lambda$new$1(EventFiringWebDriver.java:107)
	at jdk.proxy2/jdk.proxy2.$Proxy10.getScreenshotAs(Unknown Source)
	at org.openqa.selenium.support.events.EventFiringWebDriver.getScreenshotAs(EventFiringWebDriver.java:302)
	at com.crm.qa.util.TestUtil.takeScreenshotAtEndOfTest(TestUtil.java:63)
	at com.crm.qa.util.WebEventListener.onException(WebEventListener.java:68)
	at org.openqa.selenium.support.events.EventFiringWebDriver.lambda$new$0(EventFiringWebDriver.java:84)
	at jdk.proxy2/jdk.proxy2.$Proxy9.onException(Unknown Source)
	at org.openqa.selenium.support.events.EventFiringWebDriver.lambda$new$1(EventFiringWebDriver.java:107)
	at jdk.proxy2/jdk.proxy2.$Proxy10.getScreenshotAs(Unknown Source)
	at org.openqa.selenium.support.events.EventFiringWebDriver.getScreenshotAs(EventFiringWebDriver.java:302)
	at com.crm.qa.util.TestUtil.takeScreenshotAtEndOfTest(TestUtil.java:63)
	at com.crm.qa.util.WebEventListener.onException(WebEventListener.java:68)
	at org.openqa.selenium.support.events.EventFiringWebDriver.lambda$new$0(EventFiringWebDriver.java:84)
	at jdk.proxy2/jdk.proxy2.$Proxy9.onException(Unknown Source)
	at org.openqa.selenium.support.events.EventFiringWebDriver.lambda$new$1(EventFiringWebDriver.java:107)
	at jdk.proxy2/jdk.proxy2.$Proxy10.getScreenshotAs(Unknown Source)
	at org.openqa.selenium.support.events.EventFiringWebDriver.getScreenshotAs(EventFiringWebDriver.java:302)
	at com.crm.qa.util.TestUtil.takeScreenshotAtEndOfTest(TestUtil.java:63)
	at com.crm.qa.util.WebEventListener.onException(WebEventListener.java:68)
	at org.openqa.selenium.support.events.EventFiringWebDriver.lambda$new$0(EventFiringWebDriver.java:84)
	at jdk.proxy2/jdk.proxy2.$Proxy9.onException(Unknown Source)
	at org.openqa.selenium.support.events.EventFiringWebDriver.lambda$new$1(EventFiringWebDriver.java:107)
	at jdk.proxy2/jdk.proxy2.$Proxy10.getScreenshotAs(Unknown Source)
	at org.openqa.selenium.support.events.EventFiringWebDriver.getScreenshotAs(EventFiringWebDriver.java:302)
	at com.crm.qa.util.TestUtil.takeScreenshotAtEndOfTest(TestUtil.java:63)
	at com.crm.qa.util.WebEventListener.onException(WebEventListener.java:68)
	at org.openqa.selenium.support.events.EventFiringWebDriver.lambda$new$0(EventFiringWebDriver.java:84)
	at jdk.proxy2/jdk.proxy2.$Proxy9.onException(Unknown Source)
	at org.openqa.selenium.support.events.EventFiringWebDriver.lambda$new$1(EventFiringWebDriver.java:107)
	at jdk.proxy2/jdk.proxy2.$Proxy10.getScreenshotAs(Unknown Source)
	at org.openqa.selenium.support.events.EventFiringWebDriver.getScreenshotAs(EventFiringWebDriver.java:302)
	at com.crm.qa.util.TestUtil.takeScreenshotAtEndOfTest(TestUtil.java:63)
	at com.crm.qa.util.WebEventListener.onException(WebEventListener.java:68)
	at org.openqa.selenium.support.events.EventFiringWebDriver.lambda$new$0(EventFiringWebDriver.java:84)
	at jdk.proxy2/jdk.proxy2.$Proxy9.onException(Unknown Source)
	at org.openqa.selenium.support.events.EventFiringWebDriver.lambda$new$1(EventFiringWebDriver.java:107)
	at jdk.proxy2/jdk.proxy2.$Proxy10.getScreenshotAs(Unknown Source)
	at org.openqa.selenium.support.events.EventFiringWebDriver.getScreenshotAs(EventFiringWebDriver.java:302)
	at com.crm.qa.util.TestUtil.takeScreenshotAtEndOfTest(TestUtil.java:63)
	at com.crm.qa.util.WebEventListener.onException(WebEventListener.java:68)
	at org.openqa.selenium.support.events.EventFiringWebDriver.lambda$new$0(EventFiringWebDriver.java:84)
	at jdk.proxy2/jdk.proxy2.$Proxy9.onException(Unknown Source)
	at org.openqa.selenium.support.events.EventFiringWebDriver.lambda$new$1(EventFiringWebDriver.java:107)
	at jdk.proxy2/jdk.proxy2.$Proxy10.getScreenshotAs(Unknown Source)
	at org.openqa.selenium.support.events.EventFiringWebDriver.getScreenshotAs(EventFiringWebDriver.java:302)
	at com.crm.qa.util.TestUtil.takeScreenshotAtEndOfTest(TestUtil.java:63)
	at com.crm.qa.util.WebEventListener.onException(WebEventListener.java:68)
	at org.openqa.selenium.support.events.EventFiringWebDriver.lambda$new$0(EventFiringWebDriver.java:84)
	at jdk.proxy2/jdk.proxy2.$Proxy9.onException(Unknown Source)
	at org.openqa.selenium.support.events.EventFiringWebDriver.lambda$new$1(EventFiringWebDriver.java:107)
	at jdk.proxy2/jdk.proxy2.$Proxy10.getScreenshotAs(Unknown Source)
	at org.openqa.selenium.support.events.EventFiringWebDriver.getScreenshotAs(EventFiringWebDriver.java:302)
	at com.crm.qa.util.TestUtil.takeScreenshotAtEndOfTest(TestUtil.java:63)
	at com.crm.qa.util.WebEventListener.onException(WebEventListener.java:68)
	at org.openqa.selenium.support.events.EventFiringWebDriver.lambda$new$0(EventFiringWebDriver.java:84)
	at jdk.proxy2/jdk.proxy2.$Proxy9.onException(Unknown Source)
	at org.openqa.selenium.support.events.EventFiringWebDriver.lambda$new$1(EventFiringWebDriver.java:107)
	at jdk.proxy2/jdk.proxy2.$Proxy10.getScreenshotAs(Unknown Source)
	at org.openqa.selenium.support.events.EventFiringWebDriver.getScreenshotAs(EventFiringWebDriver.java:302)
	at com.crm.qa.util.TestUtil.takeScreenshotAtEndOfTest(TestUtil.java:63)
	at com.crm.qa.util.WebEventListener.onException(WebEventListener.java:68)
	at org.openqa.selenium.support.events.EventFiringWebDriver.lambda$new$0(EventFiringWebDriver.java:84)
	at jdk.proxy2/jdk.proxy2.$Proxy9.onException(Unknown Source)
	at org.openqa.selenium.support.events.EventFiringWebDriver.lambda$new$1(EventFiringWebDriver.java:107)
	at jdk.proxy2/jdk.proxy2.$Proxy10.getScreenshotAs(Unknown Source)
	at org.openqa.selenium.support.events.EventFiringWebDriver.getScreenshotAs(EventFiringWebDriver.java:302)
	at com.crm.qa.util.TestUtil.takeScreenshotAtEndOfTest(TestUtil.java:63)
	at com.crm.qa.util.WebEventListener.onException(WebEventListener.java:68)
	at org.openqa.selenium.support.events.EventFiringWebDriver.lambda$new$0(EventFiringWebDriver.java:84)
	at jdk.proxy2/jdk.proxy2.$Proxy9.onException(Unknown Source)
	at org.openqa.selenium.support.events.EventFiringWebDriver.lambda$new$1(EventFiringWebDriver.java:107)
	at jdk.proxy2/jdk.proxy2.$Proxy10.getScreenshotAs(Unknown Source)
	at org.openqa.selenium.support.events.EventFiringWebDriver.getScreenshotAs(EventFiringWebDriver.java:302)
	at com.crm.qa.util.TestUtil.takeScreenshotAtEndOfTest(TestUtil.java:63)
	at com.crm.qa.util.WebEventListener.onException(WebEventListener.java:68)
	at org.openqa.selenium.support.events.EventFiringWebDriver.lambda$new$0(EventFiringWebDriver.java:84)
	at jdk.proxy2/jdk.proxy2.$Proxy9.onException(Unknown Source)
	at org.openqa.selenium.support.events.EventFiringWebDriver.lambda$new$1(EventFiringWebDriver.java:107)
	at jdk.proxy2/jdk.proxy2.$Proxy10.getScreenshotAs(Unknown Source)
	at org.openqa.selenium.support.events.EventFiringWebDriver.getScreenshotAs(EventFiringWebDriver.java:302)
	at com.crm.qa.util.TestUtil.takeScreenshotAtEndOfTest(TestUtil.java:63)
	at com.crm.qa.util.WebEventListener.onException(WebEventListener.java:68)
	at org.openqa.selenium.support.events.EventFiringWebDriver.lambda$new$0(EventFiringWebDriver.java:84)
	at jdk.proxy2/jdk.proxy2.$Proxy9.onException(Unknown Source)
	at org.openqa.selenium.support.events.EventFiringWebDriver.lambda$new$1(EventFiringWebDriver.java:107)
	at jdk.proxy2/jdk.proxy2.$Proxy10.getScreenshotAs(Unknown Source)
	at org.openqa.selenium.support.events.EventFiringWebDriver.getScreenshotAs(EventFiringWebDriver.java:302)
	at com.crm.qa.util.TestUtil.takeScreenshotAtEndOfTest(TestUtil.java:63)
	at com.crm.qa.util.WebEventListener.onException(WebEventListener.java:68)
	at org.openqa.selenium.support.events.EventFiringWebDriver.lambda$new$0(EventFiringWebDriver.java:84)
	at jdk.proxy2/jdk.proxy2.$Proxy9.onException(Unknown Source)
	at org.openqa.selenium.support.events.EventFiringWebDriver.lambda$new$1(EventFiringWebDriver.java:107)
	at jdk.proxy2/jdk.proxy2.$Proxy10.getScreenshotAs(Unknown Source)
	at org.openqa.selenium.support.events.EventFiringWebDriver.getScreenshotAs(EventFiringWebDriver.java:302)
	at com.crm.qa.util.TestUtil.takeScreenshotAtEndOfTest(TestUtil.java:63)
	at com.crm.qa.util.WebEventListener.onException(WebEventListener.java:68)
	at org.openqa.selenium.support.events.EventFiringWebDriver.lambda$new$0(EventFiringWebDriver.java:84)
	at jdk.proxy2/jdk.proxy2.$Proxy9.onException(Unknown Source)
	at org.openqa.selenium.support.events.EventFiringWebDriver.lambda$new$1(EventFiringWebDriver.java:107)
	at jdk.proxy2/jdk.proxy2.$Proxy10.getScreenshotAs(Unknown Source)
	at org.openqa.selenium.support.events.EventFiringWebDriver.getScreenshotAs(EventFiringWebDriver.java:302)
	at com.crm.qa.util.TestUtil.takeScreenshotAtEndOfTest(TestUtil.java:63)
	at com.crm.qa.util.WebEventListener.onException(WebEventListener.java:68)
	at org.openqa.selenium.support.events.EventFiringWebDriver.lambda$new$0(EventFiringWebDriver.java:84)
	at jdk.proxy2/jdk.proxy2.$Proxy9.onException(Unknown Source)
	at org.openqa.selenium.support.events.EventFiringWebDriver.lambda$new$1(EventFiringWebDriver.java:107)
	at jdk.proxy2/jdk.proxy2.$Proxy10.getScreenshotAs(Unknown Source)
	at org.openqa.selenium.support.events.EventFiringWebDriver.getScreenshotAs(EventFiringWebDriver.java:302)
	at com.crm.qa.util.TestUtil.takeScreenshotAtEndOfTest(TestUtil.java:63)
	at com.crm.qa.util.WebEventListener.onException(WebEventListener.java:68)
	at org.openqa.selenium.support.events.EventFiringWebDriver.lambda$new$0(EventFiringWebDriver.java:84)
	at jdk.proxy2/jdk.proxy2.$Proxy9.onException(Unknown Source)
	at org.openqa.selenium.support.events.EventFiringWebDriver.lambda$new$1(EventFiringWebDriver.java:107)
	at jdk.proxy2/jdk.proxy2.$Proxy10.getScreenshotAs(Unknown Source)
	at org.openqa.selenium.support.events.EventFiringWebDriver.getScreenshotAs(EventFiringWebDriver.java:302)
	at com.crm.qa.util.TestUtil.takeScreenshotAtEndOfTest(TestUtil.java:63)
	at com.crm.qa.util.WebEventListener.onException(WebEventListener.java:68)
	at org.openqa.selenium.support.events.EventFiringWebDriver.lambda$new$0(EventFiringWebDriver.java:84)
	at jdk.proxy2/jdk.proxy2.$Proxy9.onException(Unknown Source)
	at org.openqa.selenium.support.events.EventFiringWebDriver.lambda$new$1(EventFiringWebDriver.java:107)
	at jdk.proxy2/jdk.proxy2.$Proxy10.getScreenshotAs(Unknown Source)
	at org.openqa.selenium.support.events.EventFiringWebDriver.getScreenshotAs(EventFiringWebDriver.java:302)
	at com.crm.qa.util.TestUtil.takeScreenshotAtEndOfTest(TestUtil.java:63)
	at com.crm.qa.util.WebEventListener.onException(WebEventListener.java:68)
	at org.openqa.selenium.support.events.EventFiringWebDriver.lambda$new$0(EventFiringWebDriver.java:84)
	at jdk.proxy2/jdk.proxy2.$Proxy9.onException(Unknown Source)
	at org.openqa.selenium.support.events.EventFiringWebDriver.lambda$new$1(EventFiringWebDriver.java:107)
	at jdk.proxy2/jdk.proxy2.$Proxy10.getScreenshotAs(Unknown Source)
	at org.openqa.selenium.support.events.EventFiringWebDriver.getScreenshotAs(EventFiringWebDriver.java:302)
	at com.crm.qa.util.TestUtil.takeScreenshotAtEndOfTest(TestUtil.java:63)
	at com.crm.qa.util.WebEventListener.onException(WebEventListener.java:68)
	at org.openqa.selenium.support.events.EventFiringWebDriver.lambda$new$0(EventFiringWebDriver.java:84)
	at jdk.proxy2/jdk.proxy2.$Proxy9.onException(Unknown Source)
	at org.openqa.selenium.support.events.EventFiringWebDriver.lambda$new$1(EventFiringWebDriver.java:107)
	at jdk.proxy2/jdk.proxy2.$Proxy10.getScreenshotAs(Unknown Source)
	at org.openqa.selenium.support.events.EventFiringWebDriver.getScreenshotAs(EventFiringWebDriver.java:302)
	at com.crm.qa.util.TestUtil.takeScreenshotAtEndOfTest(TestUtil.java:63)
	at com.crm.qa.util.WebEventListener.onException(WebEventListener.java:68)
... Removed 306 stack frames]]>
    </failure>
  </testcase> <!-- @BeforeMethod setUp -->
  <testcase classname="com.crm.qa.testcases.HomePageTest" name="@BeforeMethod setUp" time="0.0">
    <skipped/>
  </testcase> <!-- @BeforeMethod setUp -->
  <testcase classname="com.crm.qa.testcases.HomePageTest" name="@BeforeMethod setUp" time="0.0">
    <skipped/>
  </testcase> <!-- @BeforeMethod setUp -->
  <testcase classname="com.crm.qa.testcases.HomePageTest" name="verifyHomePageTitleTest" time="0.0">
    <skipped/>
  </testcase> <!-- verifyHomePageTitleTest -->
  <testcase classname="com.crm.qa.testcases.HomePageTest" name="verifyUserNameTest" time="0.0">
    <skipped/>
  </testcase> <!-- verifyUserNameTest -->
  <testcase classname="com.crm.qa.testcases.HomePageTest" name="verifyContactsLinkTest" time="0.0">
    <skipped/>
  </testcase> <!-- verifyContactsLinkTest -->
</testsuite> <!-- Default test(failed) -->
