<?xml version="1.0" encoding="UTF-8"?>
<!-- Generated by org.testng.reporters.JUnitXMLReporter -->
<testsuite ignored="0" hostname="Brijesh" failures="0" tests="3" name="Default test" time="7.925" errors="0" timestamp="12 Aug. 2023 21:42:56 GMT">
  <testcase classname="com.crm.qa.testcases.LoginPageTest" name="loginPageTitleTest" time="0.02"/>
  <testcase classname="com.crm.qa.testcases.LoginPageTest" name="loginTest" time="0.514"/>
  <testcase classname="com.crm.qa.testcases.LoginPageTest" name="validateHomePage" time="0.029"/>
</testsuite> <!-- Default test -->
