<?xml version="1.0" encoding="UTF-8"?>
<testng-results ignored="0" total="3" passed="3" failed="0" skipped="0">
  <reporter-output>
  </reporter-output>
  <suite started-at="2023-08-12T21:42:48Z" name="Default suite" finished-at="2023-08-12T21:42:56Z" duration-ms="7925">
    <groups>
    </groups>
    <test started-at="2023-08-12T21:42:48Z" name="Default test" finished-at="2023-08-12T21:42:56Z" duration-ms="7925">
      <class name="com.crm.qa.testcases.LoginPageTest">
        <test-method is-config="true" signature="setUp()[pri:0, instance:com.crm.qa.testcases.LoginPageTest@c7ba306]" started-at="2023-08-12T17:42:48Z" name="setUp" finished-at="2023-08-12T17:42:52Z" duration-ms="3763" status="PASS">
          <reporter-output>
          </reporter-output>
        </test-method> <!-- setUp -->
        <test-method signature="loginPageTitleTest()[pri:1, instance:com.crm.qa.testcases.LoginPageTest@c7ba306]" started-at="2023-08-12T17:42:52Z" name="loginPageTitleTest" finished-at="2023-08-12T17:42:52Z" duration-ms="20" status="PASS">
          <reporter-output>
          </reporter-output>
        </test-method> <!-- loginPageTitleTest -->
        <test-method is-config="true" signature="tearDown()[pri:0, instance:com.crm.qa.testcases.LoginPageTest@c7ba306]" started-at="2023-08-12T17:42:52Z" name="tearDown" finished-at="2023-08-12T17:42:52Z" duration-ms="122" status="PASS">
          <reporter-output>
          </reporter-output>
        </test-method> <!-- tearDown -->
        <test-method is-config="true" signature="setUp()[pri:0, instance:com.crm.qa.testcases.LoginPageTest@c7ba306]" started-at="2023-08-12T17:42:52Z" name="setUp" finished-at="2023-08-12T17:42:53Z" duration-ms="1659" status="PASS">
          <reporter-output>
          </reporter-output>
        </test-method> <!-- setUp -->
        <test-method signature="loginTest()[pri:2, instance:com.crm.qa.testcases.LoginPageTest@c7ba306]" started-at="2023-08-12T17:42:53Z" name="loginTest" finished-at="2023-08-12T17:42:54Z" duration-ms="514" status="PASS">
          <reporter-output>
          </reporter-output>
        </test-method> <!-- loginTest -->
        <test-method is-config="true" signature="tearDown()[pri:0, instance:com.crm.qa.testcases.LoginPageTest@c7ba306]" started-at="2023-08-12T17:42:54Z" name="tearDown" finished-at="2023-08-12T17:42:54Z" duration-ms="181" status="PASS">
          <reporter-output>
          </reporter-output>
        </test-method> <!-- tearDown -->
        <test-method is-config="true" signature="setUp()[pri:0, instance:com.crm.qa.testcases.LoginPageTest@c7ba306]" started-at="2023-08-12T17:42:54Z" name="setUp" finished-at="2023-08-12T17:42:56Z" duration-ms="1435" status="PASS">
          <reporter-output>
          </reporter-output>
        </test-method> <!-- setUp -->
        <test-method signature="validateHomePage()[pri:3, instance:com.crm.qa.testcases.LoginPageTest@c7ba306]" started-at="2023-08-12T17:42:56Z" name="validateHomePage" finished-at="2023-08-12T17:42:56Z" duration-ms="29" status="PASS">
          <reporter-output>
          </reporter-output>
        </test-method> <!-- validateHomePage -->
        <test-method is-config="true" signature="tearDown()[pri:0, instance:com.crm.qa.testcases.LoginPageTest@c7ba306]" started-at="2023-08-12T17:42:56Z" name="tearDown" finished-at="2023-08-12T17:42:56Z" duration-ms="170" status="PASS">
          <reporter-output>
          </reporter-output>
        </test-method> <!-- tearDown -->
      </class> <!-- com.crm.qa.testcases.LoginPageTest -->
    </test> <!-- Default test -->
  </suite> <!-- Default suite -->
</testng-results>
